[0m21:46:16.497213 [debug] [MainThread]: Sending event: {'category': 'dbt', 'action': 'invocation', 'label': 'start', 'context': [<snowplow_tracker.self_describing_json.SelfDescribingJson object at 0x7f26bdcd6cf0>, <snowplow_tracker.self_describing_json.SelfDescribingJson object at 0x7f26bd905a30>, <snowplow_tracker.self_describing_json.SelfDescribingJson object at 0x7f26bf170c20>]}


============================== 21:46:16.529473 | 6cf56fac-bf63-4048-84bd-435e3f3b16c8 ==============================
[0m21:46:16.529473 [info ] [MainThread]: Running with dbt=1.9.0
[0m21:46:16.536781 [debug] [MainThread]: running dbt with arguments {'printer_width': '80', 'indirect_selection': 'eager', 'log_cache_events': 'False', 'write_json': 'True', 'partial_parse': 'True', 'cache_selected_only': 'False', 'warn_error': 'None', 'version_check': 'True', 'debug': 'False', 'log_path': 'logs', 'fail_fast': 'False', 'profiles_dir': '/root/.dbt', 'use_colors': 'True', 'use_experimental_parser': 'False', 'empty': 'None', 'quiet': 'False', 'no_print': 'None', 'warn_error_options': 'WarnErrorOptions(include=[], exclude=[])', 'invocation_command': 'dbt init my_project', 'introspect': 'True', 'log_format': 'default', 'target_path': 'None', 'static_parser': 'True', 'send_anonymous_usage_stats': 'True'}
[0m21:46:16.695166 [info ] [MainThread]: Creating dbt configuration folder at /root/.dbt
[0m21:46:16.715853 [debug] [MainThread]: Starter project path: /usr/local/lib/python3.12/site-packages/dbt/include/starter_project
[0m21:46:17.508551 [info ] [MainThread]: 
Your new dbt project "my_project" was created!

For more information on how to configure the profiles.yml file,
please consult the dbt documentation here:

  https://docs.getdbt.com/docs/configure-your-profile

One more thing:

Need help? Don't hesitate to reach out to us via GitHub issues or on Slack:

  https://community.getdbt.com/

Happy modeling!

[0m21:46:17.517186 [info ] [MainThread]: Setting up your profile.
[0m21:48:13.285323 [info ] [MainThread]: Profile my_project written to /root/.dbt/profiles.yml using target's profile_template.yml and your supplied values. Run 'dbt debug' to validate the connection.
[0m21:48:13.294901 [debug] [MainThread]: Resource report: {"command_name": "init", "command_success": true, "command_wall_clock_time": 117.04515, "process_in_blocks": "48", "process_kernel_time": 1.511101, "process_mem_max_rss": "92956", "process_out_blocks": "1472", "process_user_time": 7.348223}
[0m21:48:13.300605 [debug] [MainThread]: Command `dbt init` succeeded at 21:48:13.299964 after 117.05 seconds
[0m21:48:13.306141 [debug] [MainThread]: Sending event: {'category': 'dbt', 'action': 'invocation', 'label': 'end', 'context': [<snowplow_tracker.self_describing_json.SelfDescribingJson object at 0x7f26bd905a30>, <snowplow_tracker.self_describing_json.SelfDescribingJson object at 0x7f26bd46b770>, <snowplow_tracker.self_describing_json.SelfDescribingJson object at 0x7f26bd1abf50>]}
[0m21:48:13.313700 [debug] [MainThread]: Flushing usage events
[0m21:48:13.796280 [debug] [MainThread]: An error was encountered while trying to flush usage events
[0m21:51:03.175114 [debug] [MainThread]: Sending event: {'category': 'dbt', 'action': 'invocation', 'label': 'start', 'context': [<snowplow_tracker.self_describing_json.SelfDescribingJson object at 0x7f9672aebfb0>, <snowplow_tracker.self_describing_json.SelfDescribingJson object at 0x7f9673964f80>, <snowplow_tracker.self_describing_json.SelfDescribingJson object at 0x7f96721c0bc0>]}


============================== 21:51:03.228238 | 3d589cde-088f-4cb2-9194-57b6f8518260 ==============================
[0m21:51:03.228238 [info ] [MainThread]: Running with dbt=1.9.0
[0m21:51:03.238803 [debug] [MainThread]: running dbt with arguments {'printer_width': '80', 'indirect_selection': 'eager', 'log_cache_events': 'False', 'write_json': 'True', 'partial_parse': 'True', 'cache_selected_only': 'False', 'warn_error': 'None', 'fail_fast': 'False', 'version_check': 'True', 'log_path': 'logs', 'debug': 'False', 'profiles_dir': '/root/.dbt', 'use_colors': 'True', 'use_experimental_parser': 'False', 'no_print': 'None', 'quiet': 'False', 'empty': 'None', 'warn_error_options': 'WarnErrorOptions(include=[], exclude=[])', 'static_parser': 'True', 'introspect': 'True', 'invocation_command': 'dbt debug', 'target_path': 'None', 'log_format': 'default', 'send_anonymous_usage_stats': 'True'}
[0m21:51:03.387648 [info ] [MainThread]: dbt version: 1.9.0
[0m21:51:03.400989 [info ] [MainThread]: python version: 3.12.4
[0m21:51:03.409269 [info ] [MainThread]: python path: /usr/local/bin/python
[0m21:51:03.425154 [info ] [MainThread]: os info: Linux-5.15.167.4-microsoft-standard-WSL2-x86_64-with-glibc2.31
[0m21:51:03.433886 [info ] [MainThread]: Using profiles dir at /root/.dbt
[0m21:51:03.443361 [info ] [MainThread]: Using profiles.yml file at /root/.dbt/profiles.yml
[0m21:51:03.453266 [info ] [MainThread]: Using dbt_project.yml file at /usr/app/dbt_project.yml
[0m21:51:03.464724 [info ] [MainThread]: Configuration:
[0m21:51:03.473976 [info ] [MainThread]:   profiles.yml file [[31mERROR not found[0m]
[0m21:51:03.491708 [info ] [MainThread]:   dbt_project.yml file [[31mERROR not found[0m]
[0m21:51:03.504552 [info ] [MainThread]: Required dependencies:
[0m21:51:03.517118 [debug] [MainThread]: Executing "git --help"
[0m21:51:03.533279 [debug] [MainThread]: STDOUT: "b"usage: git [--version] [--help] [-C <path>] [-c <name>=<value>]\n           [--exec-path[=<path>]] [--html-path] [--man-path] [--info-path]\n           [-p | --paginate | -P | --no-pager] [--no-replace-objects] [--bare]\n           [--git-dir=<path>] [--work-tree=<path>] [--namespace=<name>]\n           <command> [<args>]\n\nThese are common Git commands used in various situations:\n\nstart a working area (see also: git help tutorial)\n   clone             Clone a repository into a new directory\n   init              Create an empty Git repository or reinitialize an existing one\n\nwork on the current change (see also: git help everyday)\n   add               Add file contents to the index\n   mv                Move or rename a file, a directory, or a symlink\n   restore           Restore working tree files\n   rm                Remove files from the working tree and from the index\n   sparse-checkout   Initialize and modify the sparse-checkout\n\nexamine the history and state (see also: git help revisions)\n   bisect            Use binary search to find the commit that introduced a bug\n   diff              Show changes between commits, commit and working tree, etc\n   grep              Print lines matching a pattern\n   log               Show commit logs\n   show              Show various types of objects\n   status            Show the working tree status\n\ngrow, mark and tweak your common history\n   branch            List, create, or delete branches\n   commit            Record changes to the repository\n   merge             Join two or more development histories together\n   rebase            Reapply commits on top of another base tip\n   reset             Reset current HEAD to the specified state\n   switch            Switch branches\n   tag               Create, list, delete or verify a tag object signed with GPG\n\ncollaborate (see also: git help workflows)\n   fetch             Download objects and refs from another repository\n   pull              Fetch from and integrate with another repository or a local branch\n   push              Update remote refs along with associated objects\n\n'git help -a' and 'git help -g' list available subcommands and some\nconcept guides. See 'git help <command>' or 'git help <concept>'\nto read about a specific subcommand or concept.\nSee 'git help git' for an overview of the system.\n""
[0m21:51:03.539150 [debug] [MainThread]: STDERR: "b''"
[0m21:51:03.543740 [info ] [MainThread]:  - git [[32mOK found[0m]

[0m21:51:03.553828 [info ] [MainThread]: Connection test skipped since no profile was found
[0m21:51:03.568070 [info ] [MainThread]: [31m2 checks failed:[0m
[0m21:51:03.585204 [info ] [MainThread]: dbt looked for a profiles.yml file in /root/.dbt/profiles.yml, but did
not find one. For more information on configuring your profile, consult the
documentation:

https://docs.getdbt.com/docs/configure-your-profile


[0m21:51:03.599429 [info ] [MainThread]: Project loading failed for the following reason:
 project path </usr/app/dbt_project.yml> not found

[0m21:51:03.615850 [debug] [MainThread]: Resource report: {"command_name": "debug", "command_success": false, "command_wall_clock_time": 0.8425299, "process_in_blocks": "0", "process_kernel_time": 1.534551, "process_mem_max_rss": "87508", "process_out_blocks": "1464", "process_user_time": 7.210426}
[0m21:51:03.621680 [debug] [MainThread]: Command `dbt debug` failed at 21:51:03.621236 after 0.85 seconds
[0m21:51:03.626388 [debug] [MainThread]: Sending event: {'category': 'dbt', 'action': 'invocation', 'label': 'end', 'context': [<snowplow_tracker.self_describing_json.SelfDescribingJson object at 0x7f96722868a0>, <snowplow_tracker.self_describing_json.SelfDescribingJson object at 0x7f9671ee0650>, <snowplow_tracker.self_describing_json.SelfDescribingJson object at 0x7f9672005580>]}
[0m21:51:03.632880 [debug] [MainThread]: Flushing usage events
[0m21:51:04.121735 [debug] [MainThread]: An error was encountered while trying to flush usage events
